<?xml version="1.0" encoding="UTF-8"?>
<!-- Generated by org.testng.reporters.JUnitXMLReporter -->
<testsuite ignored="0" hostname="DESKTOP-DMBCJ4C" failures="0" tests="8" name="Default test" time="761.321" errors="0" timestamp="2022-09-14T11:56:41 IST">
  <testcase classname="com.Super_Admin.TC_UNS_Project" name="New_Project" time="6.811"/>
  <testcase classname="com.Super_Admin.TC_UNS_Project" name="Select_Contractor" time="51.214"/>
  <testcase classname="com.Super_Admin.TC_UNS_Project" name="Credit_Application_Tab" time="52.286"/>
  <testcase classname="com.Super_Admin.TC_UNS_Project" name="Login_to_Credit_Portal" time="14.682"/>
  <testcase classname="com.Super_Admin.TC_UNS_Project" name="View_UNS_Project" time="171.101"/>
  <testcase classname="com.Super_Admin.TC_UNS_Project" name="Submit_UNS_Contract" time="136.048"/>
  <testcase classname="com.Super_Admin.TC_UNS_Project" name="Submit_NTP" time="126.202"/>
  <testcase classname="com.Super_Admin.TC_UNS_Project" name="Funding_Tab" time="186.176"/>
</testsuite> <!-- Default test -->
