<?xml version="1.0" encoding="UTF-8"?>
<!-- Generated by org.testng.reporters.JUnitXMLReporter -->
<testsuite ignored="0" hostname="DESKTOP-DMBCJ4C" failures="0" tests="8" name="Default test" time="918.339" errors="0" timestamp="2022-11-28T13:11:35 IST">
  <testcase classname="com.Super_Admin.PACE_FL_Increasing_price_at_COC" name="New_Project" time="6.709"/>
  <testcase classname="com.Super_Admin.PACE_FL_Increasing_price_at_COC" name="Select_Contractor" time="56.793"/>
  <testcase classname="com.Super_Admin.PACE_FL_Increasing_price_at_COC" name="Credit_Application_Tab" time="48.332"/>
  <testcase classname="com.Super_Admin.PACE_FL_Increasing_price_at_COC" name="Login_to_Credit_Portal" time="8.988"/>
  <testcase classname="com.Super_Admin.PACE_FL_Increasing_price_at_COC" name="View_Project" time="184.377"/>
  <testcase classname="com.Super_Admin.PACE_FL_Increasing_price_at_COC" name="Submit_Contract" time="148.391"/>
  <testcase classname="com.Super_Admin.PACE_FL_Increasing_price_at_COC" name="Submit_NTP" time="218.008"/>
  <testcase classname="com.Super_Admin.PACE_FL_Increasing_price_at_COC" name="Funding_Tab" time="227.004"/>
</testsuite> <!-- Default test -->
