<?xml version="1.0" encoding="UTF-8"?>
<!-- Generated by org.testng.reporters.JUnitXMLReporter -->
<testsuite ignored="0" hostname="DESKTOP-DMBCJ4C" failures="0" tests="8" name="PACE_MO_Decrease_Price_at_COC" time="833.891" errors="0" timestamp="2022-12-01T12:05:47 IST">
  <testcase classname="com.Super_Admin.PACE_MO_Decrease_Price_at_COC" name="New_Project" time="6.607"/>
  <testcase classname="com.Super_Admin.PACE_MO_Decrease_Price_at_COC" name="Select_Contractor" time="48.964"/>
  <testcase classname="com.Super_Admin.PACE_MO_Decrease_Price_at_COC" name="Credit_Application_Tab" time="48.313"/>
  <testcase classname="com.Super_Admin.PACE_MO_Decrease_Price_at_COC" name="Login_to_Credit_Portal" time="9.042"/>
  <testcase classname="com.Super_Admin.PACE_MO_Decrease_Price_at_COC" name="View_Project" time="184.926"/>
  <testcase classname="com.Super_Admin.PACE_MO_Decrease_Price_at_COC" name="Submit_Contract" time="157.313"/>
  <testcase classname="com.Super_Admin.PACE_MO_Decrease_Price_at_COC" name="Submit_NTP" time="185.92"/>
  <testcase classname="com.Super_Admin.PACE_MO_Decrease_Price_at_COC" name="Funding_Tab" time="176.828"/>
</testsuite> <!-- PACE_MO_Decrease_Price_at_COC -->
