<?xml version="1.0" encoding="UTF-8"?>
<!-- Generated by org.testng.reporters.JUnitXMLReporter -->
<testsuite ignored="0" hostname="DESKTOP-DMBCJ4C" failures="0" tests="8" name="PACE_FL_Increasing_price_at_COC" time="907.006" errors="0" timestamp="2022-12-01T11:37:59 IST">
  <testcase classname="com.Super_Admin.PACE_FL_Increasing_price_at_COC" name="New_Project" time="6.587"/>
  <testcase classname="com.Super_Admin.PACE_FL_Increasing_price_at_COC" name="Select_Contractor" time="53.123"/>
  <testcase classname="com.Super_Admin.PACE_FL_Increasing_price_at_COC" name="Credit_Application_Tab" time="47.821"/>
  <testcase classname="com.Super_Admin.PACE_FL_Increasing_price_at_COC" name="Login_to_Credit_Portal" time="7.54"/>
  <testcase classname="com.Super_Admin.PACE_FL_Increasing_price_at_COC" name="View_Project" time="185.407"/>
  <testcase classname="com.Super_Admin.PACE_FL_Increasing_price_at_COC" name="Submit_Contract" time="149.007"/>
  <testcase classname="com.Super_Admin.PACE_FL_Increasing_price_at_COC" name="Submit_NTP" time="215.841"/>
  <testcase classname="com.Super_Admin.PACE_FL_Increasing_price_at_COC" name="Funding_Tab" time="229.131"/>
</testsuite> <!-- PACE_FL_Increasing_price_at_COC -->
