<?xml version="1.0" encoding="UTF-8"?>
<!-- Generated by org.testng.reporters.JUnitXMLReporter -->
<testsuite ignored="0" hostname="DESKTOP-DMBCJ4C" failures="0" tests="8" name="PACE_CA_Project_Test" time="842.406" errors="0" timestamp="2022-12-01T11:22:52 IST">
  <testcase classname="com.Super_Admin.PACE_CA_Project_Test" name="New_Project" time="5.05"/>
  <testcase classname="com.Super_Admin.PACE_CA_Project_Test" name="Select_Contractor" time="47.586"/>
  <testcase classname="com.Super_Admin.PACE_CA_Project_Test" name="Credit_Application_Tab" time="49.527"/>
  <testcase classname="com.Super_Admin.PACE_CA_Project_Test" name="Login_to_Credit_Portal" time="8.626"/>
  <testcase classname="com.Super_Admin.PACE_CA_Project_Test" name="View_Project" time="183.964"/>
  <testcase classname="com.Super_Admin.PACE_CA_Project_Test" name="Submit_Contract" time="141.261"/>
  <testcase classname="com.Super_Admin.PACE_CA_Project_Test" name="Submit_NTP" time="225.029"/>
  <testcase classname="com.Super_Admin.PACE_CA_Project_Test" name="Funding_Tab" time="168.746"/>
</testsuite> <!-- PACE_CA_Project_Test -->
