<?xml version="1.0" encoding="UTF-8"?>
<!-- Generated by org.testng.reporters.JUnitXMLReporter -->
<testsuite ignored="0" hostname="DESKTOP-DMBCJ4C" failures="0" tests="4" name="TC_Add_Bank" time="258.202" errors="0" timestamp="2022-12-01T15:00:23 IST">
  <testcase classname="com.Super_Admin.TC_Add_Bank" name="New_Project" time="4.342"/>
  <testcase classname="com.Super_Admin.TC_Add_Bank" name="Select_Contractor" time="97.909"/>
  <testcase classname="com.Super_Admin.TC_Add_Bank" name="Credit_Application_Tab" time="86.538"/>
  <testcase classname="com.Super_Admin.TC_Add_Bank" name="Add_Bank_From_More_Menu" time="48.039"/>
</testsuite> <!-- TC_Add_Bank -->
