<?xml version="1.0" encoding="UTF-8"?>
<!-- Generated by org.testng.reporters.JUnitXMLReporter -->
<testsuite ignored="0" hostname="DESKTOP-DMBCJ4C" failures="0" tests="4" name="TC_Add_Applicant_After_Submit_Contract" time="258.153" errors="0" timestamp="2022-12-01T14:56:05 IST">
  <testcase classname="com.Super_Admin.TC_Add_Applicant_After_Submit_Contract" name="New_Project" time="4.92"/>
  <testcase classname="com.Super_Admin.TC_Add_Applicant_After_Submit_Contract" name="Select_Contractor" time="45.132"/>
  <testcase classname="com.Super_Admin.TC_Add_Applicant_After_Submit_Contract" name="Credit_Application_Tab" time="42.434"/>
  <testcase classname="com.Super_Admin.TC_Add_Applicant_After_Submit_Contract" name="Submit_Contract" time="150.726"/>
</testsuite> <!-- TC_Add_Applicant_After_Submit_Contract -->
