<?xml version="1.0" encoding="UTF-8"?>
<!-- Generated by org.testng.reporters.JUnitXMLReporter -->
<testsuite ignored="0" hostname="DESKTOP-DMBCJ4C" failures="0" tests="4" name="TC_Add_Bank" time="210.93" errors="0" timestamp="2022-12-07T12:29:52 IST">
  <testcase classname="com.Super_Admin.TC_Add_Bank" name="New_Project" time="4.559"/>
  <testcase classname="com.Super_Admin.TC_Add_Bank" name="Select_Contractor" time="50.069"/>
  <testcase classname="com.Super_Admin.TC_Add_Bank" name="Credit_Application_Tab" time="84.625"/>
  <testcase classname="com.Super_Admin.TC_Add_Bank" name="Add_Bank_From_More_Menu" time="47.37"/>
</testsuite> <!-- TC_Add_Bank -->
