<?xml version="1.0" encoding="UTF-8"?>
<!-- Generated by org.testng.reporters.JUnitXMLReporter -->
<testsuite ignored="0" hostname="DESKTOP-DMBCJ4C" failures="0" tests="4" name="TC_Add_Applicant_After_Submit_Contract" time="240.157" errors="0" timestamp="2022-07-20T17:37:14 IST">
  <testcase classname="com.Super_Admin.TC_Add_Applicant_After_Submit_Contract" name="New_Project" time="5.005"/>
  <testcase classname="com.Super_Admin.TC_Add_Applicant_After_Submit_Contract" name="Select_Contractor" time="43.936"/>
  <testcase classname="com.Super_Admin.TC_Add_Applicant_After_Submit_Contract" name="Credit_Application_Tab" time="42.582"/>
  <testcase classname="com.Super_Admin.TC_Add_Applicant_After_Submit_Contract" name="Submit_Contract" time="135.063"/>
</testsuite> <!-- TC_Add_Applicant_After_Submit_Contract -->
