<?xml version="1.0" encoding="UTF-8"?>
<!-- Generated by org.testng.reporters.JUnitXMLReporter -->
<testsuite ignored="0" hostname="DESKTOP-DMBCJ4C" failures="0" tests="8" name="TC_Create_PACE_Project_Test" time="828.026" errors="0" timestamp="2022-07-20T16:46:00 IST">
  <testcase classname="com.Super_Admin.TC_Create_PACE_Project_Test" name="New_Project" time="4.65"/>
  <testcase classname="com.Super_Admin.TC_Create_PACE_Project_Test" name="Select_Contractor" time="47.772"/>
  <testcase classname="com.Super_Admin.TC_Create_PACE_Project_Test" name="Credit_Application_Tab" time="46.972"/>
  <testcase classname="com.Super_Admin.TC_Create_PACE_Project_Test" name="Login_to_Credit_Portal" time="7.35"/>
  <testcase classname="com.Super_Admin.TC_Create_PACE_Project_Test" name="View_Project" time="184.748"/>
  <testcase classname="com.Super_Admin.TC_Create_PACE_Project_Test" name="Submit_Contract" time="132.981"/>
  <testcase classname="com.Super_Admin.TC_Create_PACE_Project_Test" name="Submit_NTP" time="216.556"/>
  <testcase classname="com.Super_Admin.TC_Create_PACE_Project_Test" name="Funding_Tab" time="173.744"/>
</testsuite> <!-- TC_Create_PACE_Project_Test -->
