<?xml version="1.0" encoding="UTF-8"?>
<!-- Generated by org.testng.reporters.JUnitXMLReporter -->
<testsuite ignored="0" hostname="DESKTOP-DMBCJ4C" failures="0" tests="3" name="TC_Delete_Applicant_In_Mobile_App" time="145.295" errors="0" timestamp="2022-07-20T17:33:14 IST">
  <testcase classname="com.Super_Admin.TC_Delete_Applicant_In_Mobile_App" name="New_Project" time="4.502"/>
  <testcase classname="com.Super_Admin.TC_Delete_Applicant_In_Mobile_App" name="Select_Contractor" time="45.665"/>
  <testcase classname="com.Super_Admin.TC_Delete_Applicant_In_Mobile_App" name="Credit_Application_Tab" time="81.821"/>
</testsuite> <!-- TC_Delete_Applicant_In_Mobile_App -->
