<?xml version="1.0" encoding="UTF-8"?>
<!-- Generated by org.testng.reporters.JUnitXMLReporter -->
<testsuite ignored="0" hostname="DESKTOP-DMBCJ4C" failures="0" tests="3" name="TC_Doc_Sign_History" time="111.609" errors="0" timestamp="2022-09-27T16:58:33 IST">
  <testcase classname="com.Super_Admin.TC_Doc_Sign_History" name="Search_Project" time="8.551"/>
  <testcase classname="com.Super_Admin.TC_Doc_Sign_History" name="Doc_Sign_History" time="5.412"/>
  <testcase classname="com.Super_Admin.TC_Doc_Sign_History" name="Activity_Logs" time="77.185"/>
</testsuite> <!-- TC_Doc_Sign_History -->
