<?xml version="1.0" encoding="UTF-8"?>
<!-- Generated by org.testng.reporters.JUnitXMLReporter -->
<testsuite ignored="0" hostname="DESKTOP-DMBCJ4C" failures="0" tests="3" name="TC_Doc_Sign_History" time="111.623" errors="0" timestamp="2022-09-20T10:50:24 IST">
  <testcase classname="com.Super_Admin.TC_Doc_Sign_History" name="Search_Project" time="8.388"/>
  <testcase classname="com.Super_Admin.TC_Doc_Sign_History" name="Doc_Sign_History" time="5.999"/>
  <testcase classname="com.Super_Admin.TC_Doc_Sign_History" name="Activity_Logs" time="77.914"/>
</testsuite> <!-- TC_Doc_Sign_History -->
