<?xml version="1.0" encoding="UTF-8"?>
<!-- Generated by org.testng.reporters.JUnitXMLReporter -->
<testsuite ignored="0" hostname="DESKTOP-DMBCJ4C" failures="0" tests="5" name="TC_Income_Reminder" time="135.662" errors="0" timestamp="2022-07-20T17:28:46 IST">
  <testcase classname="com.Super_Admin.TC_Income_Reminder" name="New_Project" time="4.46"/>
  <testcase classname="com.Super_Admin.TC_Income_Reminder" name="Select_Contractor" time="44.69"/>
  <testcase classname="com.Super_Admin.TC_Income_Reminder" name="Credit_Application_Tab" time="47.689"/>
  <testcase classname="com.Super_Admin.TC_Income_Reminder" name="Login_to_Credit_Portal" time="8.424"/>
  <testcase classname="com.Super_Admin.TC_Income_Reminder" name="View_UNS_Project" time="15.915"/>
</testsuite> <!-- TC_Income_Reminder -->
