<?xml version="1.0" encoding="UTF-8"?>
<!-- Generated by org.testng.reporters.JUnitXMLReporter -->
<testsuite ignored="0" hostname="DESKTOP-DMBCJ4C" failures="1" tests="1" name="TC_Login_Test" time="12.182" errors="0" timestamp="2022-09-27T16:58:46 IST">
  <testcase classname="com.Super_Admin.TC_Login_Test" name="Admin_Login" time="2.195">
    <failure type="java.lang.IllegalArgumentException" message="Keys to send should be a not null CharSequence">
      <![CDATA[java.lang.IllegalArgumentException: Keys to send should be a not null CharSequence
at org.openqa.selenium.remote.RemoteWebElement.sendKeys(RemoteWebElement.java:98)
at org.openqa.selenium.support.pagefactory.internal.LocatingElementHandler.invoke(LocatingElementHandler.java:52)
at jdk.proxy2/jdk.proxy2.$Proxy18.sendKeys(Unknown Source)
at com.Super_Admin.Login_Page.Create_New_Project(Login_Page.java:33)
at com.Super_Admin.TC_Login_Test.Admin_Login(TC_Login_Test.java:49)
at java.base/java.util.ArrayList.forEach(ArrayList.java:1511)
... Removed 31 stack frames]]>
    </failure>
  </testcase> <!-- Admin_Login -->
</testsuite> <!-- TC_Login_Test -->
