<?xml version="1.0" encoding="UTF-8"?>
<!-- Generated by org.testng.reporters.JUnitXMLReporter -->
<testsuite ignored="0" hostname="DESKTOP-DMBCJ4C" failures="0" tests="8" name="TC_Special_Offer_Project" time="838.534" errors="0" timestamp="2022-07-20T17:23:21 IST">
  <testcase classname="com.Super_Admin.TC_Special_Offer_Project" name="New_Project" time="4.513"/>
  <testcase classname="com.Super_Admin.TC_Special_Offer_Project" name="Select_Contractor" time="42.631"/>
  <testcase classname="com.Super_Admin.TC_Special_Offer_Project" name="Credit_Application_Tab" time="46.685"/>
  <testcase classname="com.Super_Admin.TC_Special_Offer_Project" name="Login_to_Credit_Portal" time="9.516"/>
  <testcase classname="com.Super_Admin.TC_Special_Offer_Project" name="View_UNS_Project" time="220.503"/>
  <testcase classname="com.Super_Admin.TC_Special_Offer_Project" name="Submit_SO_Contract" time="179.038"/>
  <testcase classname="com.Super_Admin.TC_Special_Offer_Project" name="Submit_NTP" time="150.477"/>
  <testcase classname="com.Super_Admin.TC_Special_Offer_Project" name="Funding_Tab" time="163.731"/>
</testsuite> <!-- TC_Special_Offer_Project -->
