<?xml version="1.0" encoding="UTF-8"?>
<!-- Generated by org.testng.reporters.JUnitXMLReporter -->
<testsuite ignored="0" hostname="DESKTOP-DMBCJ4C" failures="0" tests="8" name="TC_UNS_Project" time="756.892" errors="0" timestamp="2022-07-20T17:09:22 IST">
  <testcase classname="com.Super_Admin.TC_UNS_Project" name="New_Project" time="5.487"/>
  <testcase classname="com.Super_Admin.TC_UNS_Project" name="Select_Contractor" time="58.52"/>
  <testcase classname="com.Super_Admin.TC_UNS_Project" name="Credit_Application_Tab" time="57.025"/>
  <testcase classname="com.Super_Admin.TC_UNS_Project" name="Login_to_Credit_Portal" time="10.567"/>
  <testcase classname="com.Super_Admin.TC_UNS_Project" name="View_UNS_Project" time="170.728"/>
  <testcase classname="com.Super_Admin.TC_UNS_Project" name="Submit_UNS_Contract" time="126.441"/>
  <testcase classname="com.Super_Admin.TC_UNS_Project" name="Submit_NTP" time="124.233"/>
  <testcase classname="com.Super_Admin.TC_UNS_Project" name="Funding_Tab" time="183.943"/>
</testsuite> <!-- TC_UNS_Project -->
