<?xml version="1.0" encoding="UTF-8"?>
<!-- Generated by org.testng.reporters.JUnitXMLReporter -->
<testsuite ignored="0" hostname="DESKTOP-DMBCJ4C" failures="0" tests="8" name="TC_UNS_Non_Solar_Project" time="752.578" errors="0" timestamp="2022-12-01T14:17:12 IST">
  <testcase classname="com.Super_Admin.TC_UNS_Non_Solar_Project" name="New_Project" time="4.758"/>
  <testcase classname="com.Super_Admin.TC_UNS_Non_Solar_Project" name="Select_Contractor" time="40.489"/>
  <testcase classname="com.Super_Admin.TC_UNS_Non_Solar_Project" name="Credit_Application_Tab" time="49.177"/>
  <testcase classname="com.Super_Admin.TC_UNS_Non_Solar_Project" name="Login_to_Credit_Portal" time="7.978"/>
  <testcase classname="com.Super_Admin.TC_UNS_Non_Solar_Project" name="View_UNS_Solar_Project" time="163.352"/>
  <testcase classname="com.Super_Admin.TC_UNS_Non_Solar_Project" name="Submit_UNS_Solar_Contract" time="154.133"/>
  <testcase classname="com.Super_Admin.TC_UNS_Non_Solar_Project" name="Submit_NTP" time="136.106"/>
  <testcase classname="com.Super_Admin.TC_UNS_Non_Solar_Project" name="Funding_Tab" time="181.643"/>
</testsuite> <!-- TC_UNS_Non_Solar_Project -->
