<?xml version="1.0" encoding="UTF-8"?>
<!-- Generated by org.testng.reporters.JUnitXMLReporter -->
<testsuite ignored="0" hostname="DESKTOP-DMBCJ4C" failures="0" tests="6" name="Test_With_Two_Signer" time="711.726" errors="0" timestamp="2022-12-01T14:51:47 IST">
  <testcase classname="com.Super_Admin.TC_Test_With_Two_Signer" name="New_Project" time="5.317"/>
  <testcase classname="com.Super_Admin.TC_Test_With_Two_Signer" name="Select_Contractor" time="46.721"/>
  <testcase classname="com.Super_Admin.TC_Test_With_Two_Signer" name="Credit_Application_Tab" time="117.353"/>
  <testcase classname="com.Super_Admin.TC_Test_With_Two_Signer" name="Login_to_Credit_Portal" time="12.493"/>
  <testcase classname="com.Super_Admin.TC_Test_With_Two_Signer" name="View_Project" time="265.588"/>
  <testcase classname="com.Super_Admin.TC_Test_With_Two_Signer" name="Submit_Contract" time="249.608"/>
</testsuite> <!-- Test_With_Two_Signer -->
