<?xml version="1.0" encoding="UTF-8"?>
<!-- Generated by org.testng.reporters.JUnitXMLReporter -->
<testsuite ignored="0" hostname="DESKTOP-DMBCJ4C" failures="0" tests="6" name="Test_With_Two_Signer" time="644.846" errors="0" timestamp="2022-07-20T16:56:45 IST">
  <testcase classname="com.Super_Admin.TC_Test_With_Two_Signer" name="New_Project" time="4.528"/>
  <testcase classname="com.Super_Admin.TC_Test_With_Two_Signer" name="Select_Contractor" time="53.265"/>
  <testcase classname="com.Super_Admin.TC_Test_With_Two_Signer" name="Credit_Application_Tab" time="114.69"/>
  <testcase classname="com.Super_Admin.TC_Test_With_Two_Signer" name="Login_to_Credit_Portal" time="7.638"/>
  <testcase classname="com.Super_Admin.TC_Test_With_Two_Signer" name="View_Project" time="264.804"/>
  <testcase classname="com.Super_Admin.TC_Test_With_Two_Signer" name="Submit_Contract" time="187.084"/>
</testsuite> <!-- Test_With_Two_Signer -->
